[debug] [2024-11-06T14:06:16.555Z] ----------------------------------------------------------------------
[debug] [2024-11-06T14:06:16.559Z] Command:       C:\Program Files\nodejs\node.exe C:\Users\layal\AppData\Roaming\npm\node_modules\firebase-tools\lib\bin\firebase.js login
[debug] [2024-11-06T14:06:16.560Z] CLI Version:   13.24.1
[debug] [2024-11-06T14:06:16.560Z] Platform:      win32
[debug] [2024-11-06T14:06:16.560Z] Node Version:  v20.16.0
[debug] [2024-11-06T14:06:16.561Z] Time:          Wed Nov 06 2024 10:06:16 GMT-0400 (Bolivia Time)
[debug] [2024-11-06T14:06:16.561Z] ----------------------------------------------------------------------
[debug] 
[debug] [2024-11-06T14:06:16.582Z] >>> [apiv2][query] GET https://firebase-public.firebaseio.com/cli.json [none]
[info] i  Firebase optionally collects CLI and Emulator Suite usage and error reporting information to help improve our products. Data is collected in accordance with Google's privacy policy (https://policies.google.com/privacy) and is not used to identify you.
 
[debug] [2024-11-06T14:06:16.968Z] <<< [apiv2][status] GET https://firebase-public.firebaseio.com/cli.json 200
[debug] [2024-11-06T14:06:16.968Z] <<< [apiv2][body] GET https://firebase-public.firebaseio.com/cli.json {"cloudBuildErrorAfter":1594252800000,"cloudBuildWarnAfter":1590019200000,"defaultNode10After":1594252800000,"minVersion":"3.0.5","node8DeploysDisabledAfter":1613390400000,"node8RuntimeDisabledAfter":1615809600000,"node8WarnAfter":1600128000000}
[info] i  To change your data collection preference at any time, run `firebase logout` and log in again. 
[info] 
[info] Visit this URL on this device to log in:
[info] https://accounts.google.com/o/oauth2/auth?client_id=563584335869-fgrhgmd47bqnekij5i8b5pr03ho849e6.apps.googleusercontent.com&scope=email%20openid%20https%3A%2F%2Fwww.googleapis.com%2Fauth%2Fcloudplatformprojects.readonly%20https%3A%2F%2Fwww.googleapis.com%2Fauth%2Ffirebase%20https%3A%2F%2Fwww.googleapis.com%2Fauth%2Fcloud-platform&response_type=code&state=649185836&redirect_uri=http%3A%2F%2Flocalhost%3A9005
[info] 
[info] Waiting for authentication...
[debug] [2024-11-06T14:11:18.674Z] ----------------------------------------------------------------------
[debug] [2024-11-06T14:11:18.678Z] Command:       C:\Program Files\nodejs\node.exe C:\Users\layal\AppData\Roaming\npm\node_modules\firebase-tools\lib\bin\firebase.js login
[debug] [2024-11-06T14:11:18.679Z] CLI Version:   13.24.1
[debug] [2024-11-06T14:11:18.679Z] Platform:      win32
[debug] [2024-11-06T14:11:18.680Z] Node Version:  v20.16.0
[debug] [2024-11-06T14:11:18.680Z] Time:          Wed Nov 06 2024 10:11:18 GMT-0400 (Bolivia Time)
[debug] [2024-11-06T14:11:18.680Z] ----------------------------------------------------------------------
[debug] 
[info] i  Firebase optionally collects CLI and Emulator Suite usage and error reporting information to help improve our products. Data is collected in accordance with Google's privacy policy (https://policies.google.com/privacy) and is not used to identify you.
 
[info] i  To change your data collection preference at any time, run `firebase logout` and log in again. 
[info] 
[info] Visit this URL on this device to log in:
[info] https://accounts.google.com/o/oauth2/auth?client_id=563584335869-fgrhgmd47bqnekij5i8b5pr03ho849e6.apps.googleusercontent.com&scope=email%20openid%20https%3A%2F%2Fwww.googleapis.com%2Fauth%2Fcloudplatformprojects.readonly%20https%3A%2F%2Fwww.googleapis.com%2Fauth%2Ffirebase%20https%3A%2F%2Fwww.googleapis.com%2Fauth%2Fcloud-platform&response_type=code&state=477684600&redirect_uri=http%3A%2F%2Flocalhost%3A9005
[info] 
[info] Waiting for authentication...
